<?xml version="1.0" encoding="UTF-8"?>
<!-- Generated by org.testng.reporters.JUnitReportReporter -->
<testsuite name="com.kaplan.page.pom.testcases.Profiletest" tests="1" time="13.177" ignored="0" failures="0" timestamp="18 Jan 2017 03:47:00 GMT" skipped="0" hostname="Kalpan" errors="0">
  <testcase name="testProfile" time="13.177" classname="com.kaplan.page.pom.testcases.Profiletest"/>
</testsuite> <!-- com.kaplan.page.pom.testcases.Profiletest -->
