<?xml version="1.0" encoding="UTF-8"?>
<!-- Generated by org.testng.reporters.JUnitReportReporter -->
<testsuite hostname="Kalpan" name="com.pageobject.facebook.pages.testcase.EditProfile" tests="1" failures="0" timestamp="24 Jan 2017 14:37:58 GMT" time="31.240" errors="0">
  <testcase name="testprofile" time="31.240" classname="com.pageobject.facebook.pages.testcase.EditProfile"/>
</testsuite> <!-- com.pageobject.facebook.pages.testcase.EditProfile -->
