<?xml version="1.0" encoding="UTF-8"?>
<!-- Generated by org.testng.reporters.JUnitReportReporter -->
<testsuite name="com.kaplan.page.pom.testcases.LoginTest" tests="1" time="12.179" ignored="0" failures="0" timestamp="18 Jan 2017 20:51:30 GMT" skipped="0" hostname="Kalpan" errors="0">
  <testcase name="doLogin" time="12.179" classname="com.kaplan.page.pom.testcases.LoginTest"/>
</testsuite> <!-- com.kaplan.page.pom.testcases.LoginTest -->
