<?xml version="1.0" encoding="UTF-8"?>
<!-- Generated by org.testng.reporters.JUnitReportReporter -->
<testsuite name="com.pageobject.facebook.pages.testcase.LoginTest" tests="2" time="24.497" ignored="0" failures="0" timestamp="24 Jan 2017 03:20:42 GMT" skipped="1" hostname="Kalpan" errors="0">
  <testcase name="doLogin" time="24.434" classname="com.pageobject.facebook.pages.testcase.LoginTest"/>
  <testcase name="doLogin" time="0.063" classname="com.pageobject.facebook.pages.testcase.LoginTest">
    <skipped/>
  </testcase> <!-- doLogin -->
</testsuite> <!-- com.pageobject.facebook.pages.testcase.LoginTest -->
